mode: atomic
github.com/fi-ts/cloud-go/client.go:18.67,19.35 1 0
github.com/fi-ts/cloud-go/client.go:23.2,24.16 2 0
github.com/fi-ts/cloud-go/client.go:27.2,27.26 1 0
github.com/fi-ts/cloud-go/client.go:31.2,32.16 2 0
github.com/fi-ts/cloud-go/client.go:37.2,37.102 1 0
github.com/fi-ts/cloud-go/client.go:46.2,51.15 4 0
github.com/fi-ts/cloud-go/client.go:19.35,21.3 1 0
github.com/fi-ts/cloud-go/client.go:24.16,26.3 1 0
github.com/fi-ts/cloud-go/client.go:27.26,29.3 1 0
github.com/fi-ts/cloud-go/client.go:32.16,35.3 2 0
github.com/fi-ts/cloud-go/client.go:37.102,38.22 1 0
github.com/fi-ts/cloud-go/client.go:43.3,43.13 1 0
github.com/fi-ts/cloud-go/client.go:38.22,40.4 1 0
github.com/fi-ts/cloud-go/client.go:40.9,40.25 1 0
github.com/fi-ts/cloud-go/client.go:40.25,42.4 1 0
github.com/fi-ts/cloud-go/error.go:18.50,20.16 2 2
github.com/fi-ts/cloud-go/error.go:23.2,24.8 2 1
github.com/fi-ts/cloud-go/error.go:27.2,27.19 1 0
github.com/fi-ts/cloud-go/error.go:20.16,22.3 1 1
github.com/fi-ts/cloud-go/error.go:24.8,26.3 1 1
github.com/fi-ts/cloud-go/error.go:31.66,32.69 1 2
github.com/fi-ts/cloud-go/error.go:36.2,38.22 3 2
github.com/fi-ts/cloud-go/error.go:42.2,42.31 1 1
github.com/fi-ts/cloud-go/error.go:32.69,34.3 1 0
github.com/fi-ts/cloud-go/error.go:38.22,40.3 1 1
github.com/fi-ts/cloud-go/error.go:45.63,46.26 1 2
github.com/fi-ts/cloud-go/error.go:52.2,52.14 1 0
github.com/fi-ts/cloud-go/error.go:46.26,47.38 1 4
github.com/fi-ts/cloud-go/error.go:47.38,49.4 1 2
github.com/fi-ts/cloud-go/error.go:55.50,58.47 2 2
github.com/fi-ts/cloud-go/error.go:64.2,64.12 1 2
github.com/fi-ts/cloud-go/error.go:58.47,60.3 1 2
github.com/fi-ts/cloud-go/error.go:60.8,62.3 1 0
